Started GET "/" for ::1 at 2017-03-29 12:48:52 -0600
  [1m[36mActiveRecord::SchemaMigration Load (6.4ms)[0m  [1m[34mSELECT "schema_migrations".* FROM "schema_migrations"[0m
Processing by HomeController#index as HTML
  Rendering home/index.html.erb within layouts/application
  Rendered home/index.html.erb within layouts/application (1.9ms)
  Rendered shared/_navbar.html.erb (0.5ms)
Completed 200 OK in 267ms (Views: 264.9ms | ActiveRecord: 0.0ms)


Started GET "/login" for ::1 at 2017-03-29 12:49:00 -0600
Processing by SessionsController#new as HTML
  Rendering sessions/new.html.erb within layouts/application
  Rendered sessions/new.html.erb within layouts/application (660.3ms)
  Rendered shared/_navbar.html.erb (0.5ms)
Completed 200 OK in 682ms (Views: 681.0ms | ActiveRecord: 0.0ms)


Started GET "/login" for ::1 at 2017-03-29 13:51:18 -0600
  [1m[36mActiveRecord::SchemaMigration Load (0.7ms)[0m  [1m[34mSELECT "schema_migrations".* FROM "schema_migrations"[0m
Processing by SessionsController#new as HTML
  Rendering sessions/new.html.erb within layouts/application
  Rendered sessions/new.html.erb within layouts/application (438.1ms)
  Rendered shared/_navbar.html.erb (0.5ms)
Completed 200 OK in 734ms (Views: 731.3ms | ActiveRecord: 0.0ms)


Started POST "/login" for ::1 at 2017-03-29 13:51:33 -0600
Processing by SessionsController#create as HTML
  Parameters: {"utf8"=>"✓", "authenticity_token"=>"l4vvAJoHr/HJsq+uCF7ouY+II8ij+NHzXindefLhGeDYuucYolVn2tUks0GUqVbHmxkFwcg5OqTK5m1tbQZG9Q==", "session"=>{"email"=>"derp@derp.com", "password"=>"[FILTERED]"}, "commit"=>"Login"}
  [1m[36mUser Load (0.3ms)[0m  [1m[34mSELECT  "users".* FROM "users" WHERE "users"."email" = $1 LIMIT $2[0m  [["email", "derp@derp.com"], ["LIMIT", 1]]
  Rendering sessions/new.html.erb within layouts/application
  Rendered sessions/new.html.erb within layouts/application (1.2ms)
  Rendered shared/_navbar.html.erb (0.3ms)
Completed 200 OK in 116ms (Views: 22.7ms | ActiveRecord: 7.8ms)


  [1m[36mUser Load (0.8ms)[0m  [1m[34mSELECT  "users".* FROM "users" WHERE "users"."id" = $1 LIMIT $2[0m  [["id", 2], ["LIMIT", 1]]
Started POST "/login" for ::1 at 2017-03-29 13:52:53 -0600
  [1m[36mActiveRecord::SchemaMigration Load (0.4ms)[0m  [1m[34mSELECT "schema_migrations".* FROM "schema_migrations"[0m
Processing by SessionsController#create as HTML
  Parameters: {"utf8"=>"✓", "authenticity_token"=>"lHv+FF8W9pebwObJJaGcbzH8UN3k23K6is1BUz76zNrbSvYMZ0Q+vIdW+ia5ViIRJW121I8ame0eAvFHoR2Tzw==", "session"=>{"email"=>"hello@derp.com", "password"=>"[FILTERED]"}, "commit"=>"Login"}
  [1m[36mUser Load (0.3ms)[0m  [1m[34mSELECT  "users".* FROM "users" WHERE "users"."email" = $1 LIMIT $2[0m  [["email", "hello@derp.com"], ["LIMIT", 1]]
Redirected to http://localhost:3000/dashboard
Completed 302 Found in 95ms (ActiveRecord: 3.4ms)


Started GET "/dashboard" for ::1 at 2017-03-29 13:52:54 -0600
Processing by DashboardController#show as HTML
  [1m[36mUser Load (0.2ms)[0m  [1m[34mSELECT  "users".* FROM "users" WHERE "users"."id" = $1 LIMIT $2[0m  [["id", 2], ["LIMIT", 1]]
  Rendering dashboard/show.html.erb within layouts/application
  [1m[36mRole Load (6.7ms)[0m  [1m[34mSELECT "roles".* FROM "roles" INNER JOIN "user_roles" ON "roles"."id" = "user_roles"."role_id" WHERE "user_roles"."user_id" = $1[0m  [["user_id", 2]]
  Rendered dashboard/show.html.erb within layouts/application (49.9ms)
  Rendered shared/_navbar.html.erb (0.6ms)
Completed 200 OK in 279ms (Views: 265.0ms | ActiveRecord: 10.4ms)


  [1m[36mUser Load (0.3ms)[0m  [1m[34mSELECT  "users".* FROM "users" WHERE "users"."id" = $1 LIMIT $2[0m  [["id", 2], ["LIMIT", 1]]
  [1m[36mRole Load (0.4ms)[0m  [1m[34mSELECT "roles".* FROM "roles" INNER JOIN "user_roles" ON "roles"."id" = "user_roles"."role_id" WHERE "user_roles"."user_id" = $1[0m  [["user_id", 2]]
  [1m[35m (0.1ms)[0m  [1m[35mBEGIN[0m
  [1m[35mSQL (2.6ms)[0m  [1m[32mINSERT INTO "roles" ("title") VALUES ($1) RETURNING "id"[0m  [["title", "host"]]
  [1m[35mSQL (18.0ms)[0m  [1m[32mINSERT INTO "user_roles" ("user_id", "role_id") VALUES ($1, $2) RETURNING "id"[0m  [["user_id", 2], ["role_id", 2]]
  [1m[35m (4.9ms)[0m  [1m[35mCOMMIT[0m
